2022-08-14 00:01:07.788  INFO 12048 --- [main] com.littlecow.blog.BlogApplicationTests  : Starting BlogApplicationTests using Java 1.8.0_261 on DESKTOP-HVMFOJO with PID 12048 (started by 小牛犊 in D:\blog)
2022-08-14 00:01:07.808  INFO 12048 --- [main] com.littlecow.blog.BlogApplicationTests  : No active profile set, falling back to 1 default profile: "default"
2022-08-14 00:01:11.998  INFO 12048 --- [main] o.s.b.a.w.s.WelcomePageHandlerMapping    : Adding welcome page template: index
2022-08-14 00:01:12.838  INFO 12048 --- [main] com.littlecow.blog.BlogApplicationTests  : Started BlogApplicationTests in 5.68 seconds (JVM running for 19.996)
2022-08-14 00:20:28.960  INFO 8112 --- [restartedMain] com.littlecow.blog.BlogApplication       : Starting BlogApplication using Java 1.8.0_261 on DESKTOP-HVMFOJO with PID 8112 (D:\blog\target\classes started by 小牛犊 in D:\blog)
2022-08-14 00:20:28.970  INFO 8112 --- [restartedMain] com.littlecow.blog.BlogApplication       : No active profile set, falling back to 1 default profile: "default"
2022-08-14 00:20:29.110  INFO 8112 --- [restartedMain] .e.DevToolsPropertyDefaultsPostProcessor : Devtools property defaults active! Set 'spring.devtools.add-properties' to 'false' to disable
2022-08-14 00:20:29.110  INFO 8112 --- [restartedMain] .e.DevToolsPropertyDefaultsPostProcessor : For additional web related logging consider setting the 'logging.level.web' property to 'DEBUG'
2022-08-14 00:20:31.090  INFO 8112 --- [restartedMain] o.s.b.w.embedded.tomcat.TomcatWebServer  : Tomcat initialized with port(s): 9090 (http)
2022-08-14 00:20:31.110  INFO 8112 --- [restartedMain] o.apache.catalina.core.StandardService   : Starting service [Tomcat]
2022-08-14 00:20:31.110  INFO 8112 --- [restartedMain] org.apache.catalina.core.StandardEngine  : Starting Servlet engine: [Apache Tomcat/9.0.60]
2022-08-14 00:20:31.210  INFO 8112 --- [restartedMain] o.a.c.c.C.[Tomcat].[localhost].[/]       : Initializing Spring embedded WebApplicationContext
2022-08-14 00:20:31.210  INFO 8112 --- [restartedMain] w.s.c.ServletWebServerApplicationContext : Root WebApplicationContext: initialization completed in 2100 ms
2022-08-14 00:20:32.170  INFO 8112 --- [restartedMain] o.s.b.a.w.s.WelcomePageHandlerMapping    : Adding welcome page template: index
2022-08-14 00:20:32.570  INFO 8112 --- [restartedMain] o.s.b.d.a.OptionalLiveReloadServer       : LiveReload server is running on port 35729
2022-08-14 00:20:32.610  INFO 8112 --- [restartedMain] o.s.b.w.embedded.tomcat.TomcatWebServer  : Tomcat started on port(s): 9090 (http) with context path ''
2022-08-14 00:20:32.630  INFO 8112 --- [restartedMain] com.littlecow.blog.BlogApplication       : Started BlogApplication in 4.454 seconds (JVM running for 5.967)
2022-08-14 00:20:42.988  INFO 8112 --- [http-nio-9090-exec-2] o.a.c.c.C.[Tomcat].[localhost].[/]       : Initializing Spring DispatcherServlet 'dispatcherServlet'
2022-08-14 00:20:42.988  INFO 8112 --- [http-nio-9090-exec-2] o.s.web.servlet.DispatcherServlet        : Initializing Servlet 'dispatcherServlet'
2022-08-14 00:20:42.989  INFO 8112 --- [http-nio-9090-exec-2] o.s.web.servlet.DispatcherServlet        : Completed initialization in 1 ms
2022-08-14 00:20:43.111  INFO 8112 --- [http-nio-9090-exec-2] com.zaxxer.hikari.HikariDataSource       : root - Starting...
2022-08-14 00:20:43.284  INFO 8112 --- [http-nio-9090-exec-2] com.zaxxer.hikari.HikariDataSource       : root - Start completed.
2022-08-14 00:21:16.795  INFO 13472 --- [main] com.littlecow.blog.BlogApplicationTests  : Starting BlogApplicationTests using Java 1.8.0_261 on DESKTOP-HVMFOJO with PID 13472 (started by 小牛犊 in D:\blog)
2022-08-14 00:21:16.795  INFO 13472 --- [main] com.littlecow.blog.BlogApplicationTests  : No active profile set, falling back to 1 default profile: "default"
2022-08-14 00:21:20.845  INFO 13472 --- [main] o.s.b.a.w.s.WelcomePageHandlerMapping    : Adding welcome page template: index
2022-08-14 00:21:21.645  INFO 13472 --- [main] com.littlecow.blog.BlogApplicationTests  : Started BlogApplicationTests in 5.394 seconds (JVM running for 19.655)
2022-08-14 00:25:21.080  INFO 11368 --- [main] com.littlecow.blog.BlogApplicationTests  : Starting BlogApplicationTests using Java 1.8.0_261 on DESKTOP-HVMFOJO with PID 11368 (started by 小牛犊 in D:\blog)
2022-08-14 00:25:21.085  INFO 11368 --- [main] com.littlecow.blog.BlogApplicationTests  : No active profile set, falling back to 1 default profile: "default"
2022-08-14 00:25:26.040  INFO 11368 --- [main] o.s.b.a.w.s.WelcomePageHandlerMapping    : Adding welcome page template: index
2022-08-14 00:25:26.910  INFO 11368 --- [main] com.littlecow.blog.BlogApplicationTests  : Started BlogApplicationTests in 6.45 seconds (JVM running for 21.379)
2022-08-14 00:34:34.771  INFO 14076 --- [restartedMain] com.littlecow.blog.BlogApplication       : Starting BlogApplication using Java 1.8.0_261 on DESKTOP-HVMFOJO with PID 14076 (D:\blog\target\classes started by 小牛犊 in D:\blog)
2022-08-14 00:34:34.771  INFO 14076 --- [restartedMain] com.littlecow.blog.BlogApplication       : No active profile set, falling back to 1 default profile: "default"
2022-08-14 00:34:34.911  INFO 14076 --- [restartedMain] .e.DevToolsPropertyDefaultsPostProcessor : Devtools property defaults active! Set 'spring.devtools.add-properties' to 'false' to disable
2022-08-14 00:34:34.911  INFO 14076 --- [restartedMain] .e.DevToolsPropertyDefaultsPostProcessor : For additional web related logging consider setting the 'logging.level.web' property to 'DEBUG'
2022-08-14 00:34:37.117  INFO 14076 --- [restartedMain] o.s.b.w.embedded.tomcat.TomcatWebServer  : Tomcat initialized with port(s): 9090 (http)
2022-08-14 00:34:37.127  INFO 14076 --- [restartedMain] o.apache.catalina.core.StandardService   : Starting service [Tomcat]
2022-08-14 00:34:37.127  INFO 14076 --- [restartedMain] org.apache.catalina.core.StandardEngine  : Starting Servlet engine: [Apache Tomcat/9.0.60]
2022-08-14 00:34:37.217  INFO 14076 --- [restartedMain] o.a.c.c.C.[Tomcat].[localhost].[/]       : Initializing Spring embedded WebApplicationContext
2022-08-14 00:34:37.217  INFO 14076 --- [restartedMain] w.s.c.ServletWebServerApplicationContext : Root WebApplicationContext: initialization completed in 2296 ms
2022-08-14 00:34:38.247  INFO 14076 --- [restartedMain] o.s.b.a.w.s.WelcomePageHandlerMapping    : Adding welcome page template: index
2022-08-14 00:34:38.667  INFO 14076 --- [restartedMain] o.s.b.d.a.OptionalLiveReloadServer       : LiveReload server is running on port 35729
2022-08-14 00:34:38.707  INFO 14076 --- [restartedMain] o.s.b.w.embedded.tomcat.TomcatWebServer  : Tomcat started on port(s): 9090 (http) with context path ''
2022-08-14 00:34:38.717  INFO 14076 --- [restartedMain] com.littlecow.blog.BlogApplication       : Started BlogApplication in 5.008 seconds (JVM running for 6.987)
2022-08-14 00:35:53.182  INFO 10380 --- [main] com.littlecow.blog.BlogApplicationTests  : Starting BlogApplicationTests using Java 1.8.0_261 on DESKTOP-HVMFOJO with PID 10380 (started by 小牛犊 in D:\blog)
2022-08-14 00:35:53.182  INFO 10380 --- [main] com.littlecow.blog.BlogApplicationTests  : No active profile set, falling back to 1 default profile: "default"
2022-08-14 00:35:57.472  INFO 10380 --- [main] o.s.b.a.w.s.WelcomePageHandlerMapping    : Adding welcome page template: index
2022-08-14 00:35:58.272  INFO 10380 --- [main] com.littlecow.blog.BlogApplicationTests  : Started BlogApplicationTests in 5.699 seconds (JVM running for 25.83)
2022-08-14 00:39:46.371  INFO 8660 --- [main] com.littlecow.blog.BlogApplicationTests  : Starting BlogApplicationTests using Java 1.8.0_261 on DESKTOP-HVMFOJO with PID 8660 (started by 小牛犊 in D:\blog)
2022-08-14 00:39:46.371  INFO 8660 --- [main] com.littlecow.blog.BlogApplicationTests  : No active profile set, falling back to 1 default profile: "default"
2022-08-14 00:39:50.724  INFO 8660 --- [main] o.s.b.a.w.s.WelcomePageHandlerMapping    : Adding welcome page template: index
2022-08-14 00:39:52.394  INFO 8660 --- [main] com.littlecow.blog.BlogApplicationTests  : Started BlogApplicationTests in 6.651 seconds (JVM running for 21.903)
